<?xml version="1.0" encoding="UTF-8"?>
<testsuite name="com.example.demo.service.EmployeeServiceTest" tests="5" skipped="0" failures="0" errors="0" timestamp="2026-05-28T05:30:45.407Z" hostname="DESKTOP-4NT51VD" time="0.233">
  <properties/>
  <testcase name="getById_NotFound_ThrowException()" classname="com.example.demo.service.EmployeeServiceTest" time="0.186"/>
  <testcase name="addEmployee_Success()" classname="com.example.demo.service.EmployeeServiceTest" time="0.004"/>
  <testcase name="getAllEmployees_ReturnList()" classname="com.example.demo.service.EmployeeServiceTest" time="0.003"/>
  <testcase name="deleteEmployee_RemovesCorrectElement()" classname="com.example.demo.service.EmployeeServiceTest" time="0.002"/>
  <testcase name="getById_Found()" classname="com.example.demo.service.EmployeeServiceTest" time="0.002"/>
  <system-out><![CDATA[12:30:45.600 [Test worker] WARN com.example.demo.service.EmployeeService -- Employee not found with id: 999
12:30:45.636 [Test worker] WARN com.example.demo.service.EmployeeService -- Employee not found with id: 1
]]></system-out>
  <system-err><![CDATA[]]></system-err>
</testsuite>
